GET /?page=1 304 - - 581.043 ms
GET /css/product.css 304 - - 2.423 ms
GET /css/main.css 304 - - 0.812 ms
GET /images/2020-08-15T12:13:18.010Z_Screenshot2020-08-07at2.52.49PM.png 304 - - 1.036 ms
GET /images/2020-08-15T12:14:04.748Z_Screenshot2020-08-07at2.42.21PM.png 304 - - 1.029 ms
GET / 200 - - 629.476 ms
GET /css/main.css 200 - - 9.483 ms
GET /css/product.css 200 848 - 2.803 ms
GET /images/2020-08-15T12:14:04.748Z_Screenshot2020-08-07at2.42.21PM.png 200 4259869 - 2.863 ms
GET /images/2020-08-15T12:13:18.010Z_Screenshot2020-08-07at2.52.49PM.png 200 5631738 - 7.912 ms
GET /favicon.ico 404 1019 - 9.914 ms
GET /images/2020-08-15T12:14:04.748Z_Screenshot2020-08-07at2.42.21PM.png 200 4259869 - 5.699 ms
GET /images/2020-08-15T12:13:18.010Z_Screenshot2020-08-07at2.52.49PM.png 200 5631738 - 0.897 ms
GET / 200 - - 604.698 ms
GET /css/main.css 200 - - 0.691 ms
GET /css/product.css 200 848 - 0.749 ms
GET /images/2020-08-15T12:13:18.010Z_Screenshot2020-08-07at2.52.49PM.png 304 - - 1.874 ms
GET /images/2020-08-15T12:14:04.748Z_Screenshot2020-08-07at2.42.21PM.png 304 - - 1.546 ms
GET /?page=2 200 - - 570.921 ms
GET /css/main.css 200 - - 0.908 ms
GET /css/product.css 200 848 - 0.944 ms
GET /images/2020-08-15T12:15:58.279Z_Screenshot2020-08-07at11.49.34AM.png 200 3368762 - 1.512 ms
GET /images/2020-08-15T12:14:05.752Z_Screenshot2020-08-07at2.42.21PM.png 200 4259869 - 2.159 ms
GET /images/2020-08-15T12:15:58.279Z_Screenshot2020-08-07at11.49.34AM.png 200 3368762 - 0.693 ms
GET /images/2020-08-15T12:14:05.752Z_Screenshot2020-08-07at2.42.21PM.png 200 4259869 - 2.353 ms
